<?xml version="1.0" encoding="UTF-8"?>
<!-- Generated by org.testng.reporters.JUnitXMLReporter -->
<testsuite hostname="DELL-PC" name="Default test" tests="3" failures="0" timestamp="1 Aug 2019 10:40:27 GMT" time="60.619" errors="0">
  <testcase name="clickonContacts" time="1.5" classname="Com.FreeCRM.Qa.TestCases.HomePageTest"/>
  <testcase name="validateHomePageTitle" time="0.012" classname="Com.FreeCRM.Qa.TestCases.HomePageTest"/>
  <testcase name="validateUserName" time="0.215" classname="Com.FreeCRM.Qa.TestCases.HomePageTest"/>
</testsuite> <!-- Default test -->
