<?xml version="1.0" encoding="UTF-8"?>
<!-- Generated by org.testng.reporters.JUnitXMLReporter -->
<testsuite hostname="xen-591" name="Default test" tests="6" failures="0" timestamp="10 Jan 2020 10:17:35 GMT" time="191.418" errors="0">
  <testcase name="clickonContacts" time="1.968" classname="Com.FreeCRM.Qa.TestCases.HomePageTest"/>
  <testcase name="validateHomePageTitle" time="0.016" classname="Com.FreeCRM.Qa.TestCases.HomePageTest"/>
  <testcase name="validateUserName" time="0.071" classname="Com.FreeCRM.Qa.TestCases.HomePageTest"/>
  <testcase name="loginPageTitleTest" time="0.016" classname="Com.FreeCRM.Qa.TestCases.LoginPageTest"/>
  <testcase name="crmLogoImageTest" time="0.035" classname="Com.FreeCRM.Qa.TestCases.LoginPageTest"/>
  <testcase name="loginTest" time="14.022" classname="Com.FreeCRM.Qa.TestCases.LoginPageTest"/>
</testsuite> <!-- Default test -->
