<?xml version="1.0" encoding="UTF-8"?>
<!-- Generated by org.testng.reporters.JUnitXMLReporter -->
<testsuite hostname="DELL-PC" name="Free CRM Test cases" tests="6" failures="0" timestamp="10 Jan 2020 21:13:46 GMT" time="96.028" errors="0">
  <testcase name="clickonContacts" time="1.464" classname="Com.FreeCRM.Qa.TestCases.HomePageTest"/>
  <testcase name="validateHomePageTitle" time="0.015" classname="Com.FreeCRM.Qa.TestCases.HomePageTest"/>
  <testcase name="validateUserName" time="0.078" classname="Com.FreeCRM.Qa.TestCases.HomePageTest"/>
  <testcase name="loginPageTitleTest" time="0.016" classname="Com.FreeCRM.Qa.TestCases.LoginPageTest"/>
  <testcase name="crmLogoImageTest" time="0.063" classname="Com.FreeCRM.Qa.TestCases.LoginPageTest"/>
  <testcase name="loginTest" time="6.863" classname="Com.FreeCRM.Qa.TestCases.LoginPageTest"/>
</testsuite> <!-- Free CRM Test cases -->
