<?xml version="1.0" encoding="UTF-8"?>
<testng-results skipped="0" failed="0" total="3" passed="3">
  <reporter-output>
  </reporter-output>
  <suite name="Default suite" duration-ms="60619" started-at="2019-08-01T10:39:26Z" finished-at="2019-08-01T10:40:27Z">
    <groups>
    </groups>
    <test name="Default test" duration-ms="60619" started-at="2019-08-01T10:39:26Z" finished-at="2019-08-01T10:40:27Z">
      <class name="Com.FreeCRM.Qa.TestCases.HomePageTest">
        <test-method status="PASS" signature="setUp()[pri:0, instance:Com.FreeCRM.Qa.TestCases.HomePageTest@2f8f11]" name="setUp" is-config="true" duration-ms="22597" started-at="2019-08-01T16:09:26Z" finished-at="2019-08-01T16:09:49Z">
          <reporter-output>
          </reporter-output>
        </test-method> <!-- setUp -->
        <test-method status="PASS" signature="clickonContacts()[pri:0, instance:Com.FreeCRM.Qa.TestCases.HomePageTest@2f8f11]" name="clickonContacts" duration-ms="1500" started-at="2019-08-01T16:09:49Z" finished-at="2019-08-01T16:09:50Z">
          <reporter-output>
          </reporter-output>
        </test-method> <!-- clickonContacts -->
        <test-method status="PASS" signature="tearDown()[pri:0, instance:Com.FreeCRM.Qa.TestCases.HomePageTest@2f8f11]" name="tearDown" is-config="true" duration-ms="1645" started-at="2019-08-01T16:09:50Z" finished-at="2019-08-01T16:09:52Z">
          <reporter-output>
          </reporter-output>
        </test-method> <!-- tearDown -->
        <test-method status="PASS" signature="setUp()[pri:0, instance:Com.FreeCRM.Qa.TestCases.HomePageTest@2f8f11]" name="setUp" is-config="true" duration-ms="16554" started-at="2019-08-01T16:09:52Z" finished-at="2019-08-01T16:10:08Z">
          <reporter-output>
          </reporter-output>
        </test-method> <!-- setUp -->
        <test-method status="PASS" signature="validateHomePageTitle()[pri:0, instance:Com.FreeCRM.Qa.TestCases.HomePageTest@2f8f11]" name="validateHomePageTitle" duration-ms="12" started-at="2019-08-01T16:10:08Z" finished-at="2019-08-01T16:10:08Z">
          <reporter-output>
          </reporter-output>
        </test-method> <!-- validateHomePageTitle -->
        <test-method status="PASS" signature="tearDown()[pri:0, instance:Com.FreeCRM.Qa.TestCases.HomePageTest@2f8f11]" name="tearDown" is-config="true" duration-ms="1510" started-at="2019-08-01T16:10:08Z" finished-at="2019-08-01T16:10:10Z">
          <reporter-output>
          </reporter-output>
        </test-method> <!-- tearDown -->
        <test-method status="PASS" signature="setUp()[pri:0, instance:Com.FreeCRM.Qa.TestCases.HomePageTest@2f8f11]" name="setUp" is-config="true" duration-ms="15333" started-at="2019-08-01T16:10:10Z" finished-at="2019-08-01T16:10:25Z">
          <reporter-output>
          </reporter-output>
        </test-method> <!-- setUp -->
        <test-method status="PASS" signature="validateUserName()[pri:0, instance:Com.FreeCRM.Qa.TestCases.HomePageTest@2f8f11]" name="validateUserName" duration-ms="215" started-at="2019-08-01T16:10:25Z" finished-at="2019-08-01T16:10:26Z">
          <reporter-output>
          </reporter-output>
        </test-method> <!-- validateUserName -->
        <test-method status="PASS" signature="tearDown()[pri:0, instance:Com.FreeCRM.Qa.TestCases.HomePageTest@2f8f11]" name="tearDown" is-config="true" duration-ms="1222" started-at="2019-08-01T16:10:26Z" finished-at="2019-08-01T16:10:27Z">
          <reporter-output>
          </reporter-output>
        </test-method> <!-- tearDown -->
      </class> <!-- Com.FreeCRM.Qa.TestCases.HomePageTest -->
    </test> <!-- Default test -->
  </suite> <!-- Default suite -->
</testng-results>
